<?xml version="1.0" encoding="UTF-8"?>
<!-- Generated by org.testng.reporters.JUnitReportReporter -->
<testsuite hostname="Nithin" failures="0" tests="1" name="Vallidation.TimeValidation" time="1.530" errors="0" timestamp="5 Sep 2022 09:57:53 GMT">
  <testcase classname="Vallidation.TimeValidation" name="createProjectTimeManagement" time="1.530"/>
</testsuite> <!-- Vallidation.TimeValidation -->
