<?xml version="1.0" encoding="UTF-8"?>
<!-- Generated by org.testng.reporters.JUnitReportReporter -->
<testsuite hostname="Nithin" failures="0" tests="1" name="RequestChaining.GetAndDelete" time="2.749" errors="0" timestamp="5 Sep 2022 12:37:25 GMT">
  <testcase classname="RequestChaining.GetAndDelete" name="getAndDeleteProject" time="2.749"/>
</testsuite> <!-- RequestChaining.GetAndDelete -->
