<?xml version="1.0" encoding="UTF-8"?>
<!-- Generated by org.testng.reporters.JUnitReportReporter -->
<testsuite hostname="Nithin" failures="0" tests="1" name="Authentication.bearerTocken" time="5.732" errors="0" timestamp="6 Sep 2022 07:32:39 GMT">
  <testcase classname="Authentication.bearerTocken" name="bearertocken" time="5.732"/>
</testsuite> <!-- Authentication.bearerTocken -->
