<?xml version="1.0" encoding="UTF-8"?>
<!-- Generated by org.testng.reporters.JUnitReportReporter -->
<testsuite hostname="Nithin" failures="0" tests="1" name="CRUDOperationWithBDD.CreateProUsingPojoClass" time="2.349" errors="0" timestamp="5 Sep 2022 07:02:03 GMT">
  <testcase classname="CRUDOperationWithBDD.CreateProUsingPojoClass" name="createProUdingPojo" time="2.349"/>
</testsuite> <!-- CRUDOperationWithBDD.CreateProUsingPojoClass -->
