<?xml version="1.0" encoding="UTF-8"?>
<!-- Generated by org.testng.reporters.JUnitReportReporter -->
<testsuite hostname="Nithin" failures="0" tests="1" name="CRUDOperationWithBDD.CreateProjectWithJSONObj" time="2.549" errors="0" timestamp="5 Sep 2022 05:19:07 GMT">
  <testcase classname="CRUDOperationWithBDD.CreateProjectWithJSONObj" name="createProject" time="2.549"/>
</testsuite> <!-- CRUDOperationWithBDD.CreateProjectWithJSONObj -->
