<?xml version="1.0" encoding="UTF-8"?>
<!-- Generated by org.testng.reporters.JUnitReportReporter -->
<testsuite hostname="Nithin" failures="0" tests="1" name="Vallidation.StaticValidationGetProject" time="2.733" errors="0" timestamp="5 Sep 2022 07:17:05 GMT">
  <testcase classname="Vallidation.StaticValidationGetProject" name="staticBodyValidationGetProject" time="2.733"/>
</testsuite> <!-- Vallidation.StaticValidationGetProject -->
