<?xml version="1.0" encoding="UTF-8"?>
<!-- Generated by org.testng.reporters.JUnitReportReporter -->
<testsuite hostname="Nithin" failures="0" tests="1" name="interview.P1" time="3.092" errors="0" timestamp="2022-09-30T15:54:55 IST" skipped="0">
  <testcase classname="interview.P1" name="create" time="3.092"/>
  <system-out/>
</testsuite> <!-- interview.P1 -->
