<?xml version="1.0" encoding="UTF-8"?>
<!-- Generated by org.testng.reporters.JUnitReportReporter -->
<testsuite hostname="Nithin" failures="0" tests="1" name="Parameters.queryParameter" time="2.177" errors="0" timestamp="6 Sep 2022 06:39:51 GMT">
  <testcase classname="Parameters.queryParameter" name="getPageByQueryParameter" time="2.177"/>
</testsuite> <!-- Parameters.queryParameter -->
