<?xml version="1.0" encoding="UTF-8"?>
<!-- Generated by org.testng.reporters.JUnitReportReporter -->
<testsuite hostname="Nithin" failures="0" tests="1" name="CRUDOperationWithoutBDD.getAllProjectTest" time="1.836" errors="0" timestamp="1 Sep 2022 12:03:58 GMT">
  <testcase classname="CRUDOperationWithoutBDD.getAllProjectTest" name="getAllProjectsTest" time="1.836"/>
</testsuite> <!-- CRUDOperationWithoutBDD.getAllProjectTest -->
