<?xml version="1.0" encoding="UTF-8"?>
<!-- Generated by org.testng.reporters.JUnitReportReporter -->
<testsuite hostname="Nithin" failures="0" tests="1" name="CRUDOperationWithBDD.CreateProUsingJSONFILE" time="1.994" errors="0" timestamp="5 Sep 2022 05:59:23 GMT">
  <testcase classname="CRUDOperationWithBDD.CreateProUsingJSONFILE" name="createProUsingJsonFile" time="1.994"/>
</testsuite> <!-- CRUDOperationWithBDD.CreateProUsingJSONFILE -->
