<?xml version="1.0" encoding="UTF-8"?>
<!-- Generated by org.testng.reporters.JUnitReportReporter -->
<testsuite hostname="Nithin" failures="0" tests="1" name="CRUDOperationWithBDD.UpdateProj" time="2.491" errors="0" timestamp="5 Sep 2022 05:31:23 GMT">
  <testcase classname="CRUDOperationWithBDD.UpdateProj" name="updateProject" time="2.491"/>
</testsuite> <!-- CRUDOperationWithBDD.UpdateProj -->
