<?xml version="1.0" encoding="UTF-8"?>
<!-- Generated by org.testng.reporters.JUnitReportReporter -->
<testsuite hostname="Nithin" failures="0" tests="1" name="RequestChaining.ToCreateAndGetProject" time="2.116" errors="0" timestamp="5 Sep 2022 10:39:27 GMT">
  <testcase classname="RequestChaining.ToCreateAndGetProject" name="createAndGetProject" time="2.116"/>
</testsuite> <!-- RequestChaining.ToCreateAndGetProject -->
