<?xml version="1.0" encoding="UTF-8"?>
<!-- Generated by org.testng.reporters.JUnitReportReporter -->
<testsuite hostname="Nithin" failures="0" tests="1" name="CRUDOperationWithoutBDD.getSingleProjectTest" time="1.309" errors="0" timestamp="2 Sep 2022 05:09:14 GMT">
  <testcase classname="CRUDOperationWithoutBDD.getSingleProjectTest" name="getSingleProTest" time="1.309"/>
</testsuite> <!-- CRUDOperationWithoutBDD.getSingleProjectTest -->
