<?xml version="1.0" encoding="UTF-8"?>
<!-- Generated by org.testng.reporters.JUnitReportReporter -->
<testsuite hostname="Nithin" failures="0" tests="3" name="UsingFramework.endToEndCreateDeleteAndVerifyPro" time="7.363" errors="0" timestamp="2022-09-08T10:56:53 IST" skipped="0">
  <testcase classname="UsingFramework.endToEndCreateDeleteAndVerifyPro" name="createProUsingAPI" time="2.058"/>
  <system-out/>
  <testcase classname="UsingFramework.endToEndCreateDeleteAndVerifyPro" name="verifyProInDataBaseUsingJdbc" time="0.320"/>
  <system-out/>
  <testcase classname="UsingFramework.endToEndCreateDeleteAndVerifyPro" name="verifyProInGuiUsingSelenium" time="4.985"/>
  <system-out/>
</testsuite> <!-- UsingFramework.endToEndCreateDeleteAndVerifyPro -->
