<?xml version="1.0" encoding="UTF-8"?>
<!-- Generated by org.testng.reporters.JUnitReportReporter -->
<testsuite hostname="Nithin" failures="0" tests="1" name="CRUDOperationWithoutBDD.putProjectTest" time="2.548" errors="0" timestamp="1 Sep 2022 12:26:01 GMT">
  <testcase classname="CRUDOperationWithoutBDD.putProjectTest" name="putProject" time="2.548"/>
</testsuite> <!-- CRUDOperationWithoutBDD.putProjectTest -->
