<?xml version="1.0" encoding="UTF-8"?>
<!-- Generated by org.testng.reporters.JUnitReportReporter -->
<testsuite hostname="Nithin" failures="0" tests="1" name="CRUDOperationWithBDD.GetAllProject" time="1.863" errors="0" timestamp="5 Sep 2022 05:24:17 GMT">
  <testcase classname="CRUDOperationWithBDD.GetAllProject" name="getallePro" time="1.863"/>
</testsuite> <!-- CRUDOperationWithBDD.GetAllProject -->
