<?xml version="1.0" encoding="UTF-8"?>
<!-- Generated by org.testng.reporters.JUnitReportReporter -->
<testsuite hostname="Nithin" failures="0" tests="1" name="Authentication.OAuth2CoopProject" time="4.376" errors="0" timestamp="6 Sep 2022 09:50:55 GMT">
  <testcase classname="Authentication.OAuth2CoopProject" name="oauthCoopProject" time="4.376"/>
</testsuite> <!-- Authentication.OAuth2CoopProject -->
