<?xml version="1.0" encoding="UTF-8"?>
<!-- Generated by org.testng.reporters.JUnitReportReporter -->
<testsuite hostname="Nithin" failures="0" tests="1" name="Parameters.PathPameters" time="1.919" errors="0" timestamp="6 Sep 2022 06:29:59 GMT">
  <testcase classname="Parameters.PathPameters" name="getProjectByPathParameters" time="1.919"/>
</testsuite> <!-- Parameters.PathPameters -->
