<?xml version="1.0" encoding="UTF-8"?>
<!-- Generated by org.testng.reporters.JUnitReportReporter -->
<testsuite hostname="Nithin" failures="0" tests="1" name="UsingFramework.getAllProjects" time="2.563" errors="0" timestamp="2022-09-07T15:35:23 IST" skipped="0">
  <testcase classname="UsingFramework.getAllProjects" name="getallPro" time="2.563"/>
  <system-out>
    <![CDATA[project available]]>
  </system-out>
</testsuite> <!-- UsingFramework.getAllProjects -->
