<?xml version="1.0" encoding="UTF-8"?>
<!-- Generated by org.testng.reporters.JUnitReportReporter -->
<testsuite hostname="Nithin" failures="0" tests="1" name="RequestChaining.ToAddAndDeletePro" time="2.121" errors="0" timestamp="5 Sep 2022 11:35:54 GMT">
  <testcase classname="RequestChaining.ToAddAndDeletePro" name="addAndDeltePro" time="2.121"/>
</testsuite> <!-- RequestChaining.ToAddAndDeletePro -->
