<?xml version="1.0" encoding="UTF-8"?>
<!-- Generated by org.testng.reporters.JUnitReportReporter -->
<testsuite hostname="Nithin" failures="0" tests="3" name="CRUDOperationWithBDD.CreateProjectDataDrivenTesting" time="2.548" errors="0" timestamp="6 Sep 2022 04:42:51 GMT">
  <testcase classname="CRUDOperationWithBDD.CreateProjectDataDrivenTesting" name="CreateMulitpleProjectsWithDifferentData" time="0.039"/>
  <testcase classname="CRUDOperationWithBDD.CreateProjectDataDrivenTesting" name="CreateMulitpleProjectsWithDifferentData" time="2.469"/>
  <testcase classname="CRUDOperationWithBDD.CreateProjectDataDrivenTesting" name="CreateMulitpleProjectsWithDifferentData" time="0.040"/>
</testsuite> <!-- CRUDOperationWithBDD.CreateProjectDataDrivenTesting -->
