<?xml version="1.0" encoding="UTF-8"?>
<!-- Generated by org.testng.reporters.JUnitReportReporter -->
<testsuite hostname="Nithin" failures="0" tests="1" name="CRUDOperationWithBDD.CreateProjectUsingHashMap" time="2.302" errors="0" timestamp="5 Sep 2022 05:42:46 GMT">
  <testcase classname="CRUDOperationWithBDD.CreateProjectUsingHashMap" name="createPro" time="2.302"/>
</testsuite> <!-- CRUDOperationWithBDD.CreateProjectUsingHashMap -->
