<?xml version="1.0" encoding="UTF-8"?>
<!-- Generated by org.testng.reporters.JUnitReportReporter -->
<testsuite hostname="Nithin" failures="0" tests="1" name="UsingFramework.createProject" time="2.392" errors="0" timestamp="2022-09-07T15:03:27 IST" skipped="0">
  <testcase classname="UsingFramework.createProject" name="createpro" time="2.392"/>
  <system-out/>
</testsuite> <!-- UsingFramework.createProject -->
